<?xml version="1.0" encoding="UTF-8"?>
<testng-results ignored="0" total="2" passed="2" failed="0" skipped="0">
  <reporter-output>
  </reporter-output>
  <suite started-at="2025-02-21T20:55:39 IST" name="TestSuite" finished-at="2025-02-21T20:55:42 IST" duration-ms="2815">
    <groups>
    </groups>
    <test started-at="2025-02-21T20:55:39 IST" name="Login Test" finished-at="2025-02-21T20:55:42 IST" duration-ms="2815">
      <class name="demo_test.LoginTest">
        <test-method is-config="true" signature="setup()[pri:0, instance:demo_test.LoginTest@795cd85e]" started-at="2025-02-21T20:55:39 IST" name="setup" finished-at="2025-02-21T20:55:41 IST" duration-ms="1842" status="PASS">
          <reporter-output>
          </reporter-output>
        </test-method> <!-- setup -->
        <test-method signature="testInvalidLogin()[pri:0, instance:demo_test.LoginTest@795cd85e]" started-at="2025-02-21T20:55:41 IST" name="testInvalidLogin" finished-at="2025-02-21T20:55:42 IST" duration-ms="361" status="PASS">
          <reporter-output>
          </reporter-output>
        </test-method> <!-- testInvalidLogin -->
        <test-method signature="testValidLogin()[pri:0, instance:demo_test.LoginTest@795cd85e]" started-at="2025-02-21T20:55:42 IST" name="testValidLogin" finished-at="2025-02-21T20:55:42 IST" duration-ms="264" status="PASS">
          <reporter-output>
          </reporter-output>
        </test-method> <!-- testValidLogin -->
        <test-method is-config="true" signature="teardown()[pri:0, instance:demo_test.LoginTest@795cd85e]" started-at="2025-02-21T20:55:42 IST" name="teardown" finished-at="2025-02-21T20:55:42 IST" duration-ms="317" status="PASS">
          <reporter-output>
          </reporter-output>
        </test-method> <!-- teardown -->
      </class> <!-- demo_test.LoginTest -->
    </test> <!-- Login Test -->
  </suite> <!-- TestSuite -->
</testng-results>
